============================================================
RATIO ENGINE Ś EDGE CASE LOG
============================================================

[revenue_cagr_3yr_flag] ZERO_BASE: 1 rows
    ADANIENSOL 2017-03
[revenue_cagr_5yr_flag] ZERO_BASE: 1 rows
    ADANIENSOL 2019-03
[revenue_cagr_10yr_flag] ZERO_BASE: 1 rows
    ADANIENSOL 2024-03
[pat_cagr_3yr_flag] TURNAROUND: 39 rows
    ADANIENSOL 2018-03
    ADANIGREEN 2021-03
    ADANIGREEN 2022-03
    ADANIGREEN 2023-03
    ADANIPOWER 2016-03
[pat_cagr_3yr_flag] DECLINE_TO_LOSS: 32 rows
    ADANIPOWER 2019-03
    BANKBARODA 2016-03
    BANKBARODA 2018-03
    BHARTIARTL 2020-03
    BHARTIARTL 2021-03
[pat_cagr_3yr_flag] BOTH_NEGATIVE: 13 rows
    ADANIGREEN 2020-03
    ADANIPOWER 2017-03
    ADANIPOWER 2018-03
    ADANIPOWER 2020-03
    JINDALSTEL 2018-03
[pat_cagr_3yr_flag] ZERO_BASE: 1 rows
    ADANIENSOL 2017-03
[pat_cagr_5yr_flag] TURNAROUND: 29 rows
    ADANIENSOL 2020-03
    ADANIGREEN 2022-03
    ADANIGREEN 2023-03
    ADANIGREEN 2024-03
    ADANIPOWER 2022-03
[pat_cagr_5yr_flag] DECLINE_TO_LOSS: 25 rows
    BANKBARODA 2018-03
    BHARTIARTL 2020-03
    BHARTIARTL 2021-03
    BHEL 2020-03
    CANBK 2018-03
[pat_cagr_5yr_flag] BOTH_NEGATIVE: 6 rows
    ADANIPOWER 2018-03
    ADANIPOWER 2019-03
    ADANIPOWER 2020-03
    BHEL 2021-03
    JINDALSTEL 2020-03
[pat_cagr_5yr_flag] ZERO_BASE: 1 rows
    ADANIENSOL 2019-03
[pat_cagr_10yr_flag] TURNAROUND: 5 rows
    ADANIPOWER 2023-03
    ADANIPOWER 2024-03
    TATASTEEL 2023-03
    TRENT 2023-03
    TRENT 2024-03
[pat_cagr_10yr_flag] DECLINE_TO_LOSS: 4 rows
    GODREJCP 2024-03
    NAUKRI 2023-03
    TATASTEEL 2024-03
    INDIGO 2023-03
[pat_cagr_10yr_flag] ZERO_BASE: 1 rows
    ADANIENSOL 2024-03
[eps_cagr_3yr_flag] TURNAROUND: 34 rows
    ADANIGREEN 2021-03
    ADANIGREEN 2022-03
    ADANIPOWER 2016-03
    ADANIPOWER 2021-03
    ADANIPOWER 2022-03
[eps_cagr_3yr_flag] DECLINE_TO_LOSS: 30 rows
    ADANIPOWER 2019-03
    BANKBARODA 2016-03
    BANKBARODA 2018-03
    BHARTIARTL 2020-03
    BHARTIARTL 2021-03
[eps_cagr_3yr_flag] BOTH_NEGATIVE: 11 rows
    ADANIPOWER 2017-03
    ADANIPOWER 2018-03
    ADANIPOWER 2020-03
    JINDALSTEL 2018-03
    JINDALSTEL 2019-03
[eps_cagr_3yr_flag] ZERO_BASE: 8 rows
    ADANIENSOL 2017-03
    ADANIENSOL 2018-03
    ADANIGREEN 2020-03
    ADANIGREEN 2023-03
    JSWENERGY 2021-03
[eps_cagr_5yr_flag] TURNAROUND: 26 rows
    ADANIGREEN 2023-03
    ADANIGREEN 2024-03
    ADANIPOWER 2022-03
    ADANIPOWER 2023-03
    ADANIPOWER 2024-03
[eps_cagr_5yr_flag] DECLINE_TO_LOSS: 25 rows
    BANKBARODA 2018-03
    BHARTIARTL 2020-03
    BHARTIARTL 2021-03
    BHEL 2020-03
    CANBK 2018-03
[eps_cagr_5yr_flag] BOTH_NEGATIVE: 5 rows
    ADANIPOWER 2018-03
    ADANIPOWER 2019-03
    ADANIPOWER 2020-03
    BHEL 2021-03
    JINDALSTEL 2020-03
[eps_cagr_5yr_flag] ZERO_BASE: 7 rows
    ADANIENSOL 2019-03
    ADANIENSOL 2020-03
    ADANIGREEN 2022-03
    JSWENERGY 2023-03
    TATACONSUM 2021-03
[eps_cagr_10yr_flag] TURNAROUND: 6 rows
    ADANIPOWER 2023-03
    ADANIPOWER 2024-03
    TATAPOWER 2024-03
    TATASTEEL 2023-03
    TRENT 2023-03
[eps_cagr_10yr_flag] DECLINE_TO_LOSS: 4 rows
    GODREJCP 2024-03
    NAUKRI 2023-03
    TATASTEEL 2024-03
    INDIGO 2023-03
[eps_cagr_10yr_flag] ZERO_BASE: 2 rows
    ADANIENSOL 2024-03
    TATAPOWER 2023-03

Debt-free companies (interest_coverage = None):
    ABB
    ADANIENSOL
    BAJAJHLDNG
    BOSCHLTD
    HDFCLIFE
    HINDUNILVR
    ICICIGI
    ICICIPRULI
    INFY
    IRCTC
    JIOFIN
    LICI
    LT
    LTIM
    SBILIFE
    SIEMENS
    TITAN

Negative equity rows (ROE = None):
    0 rows